2021-06-12 06:01:06,601 INFO com.graphqlservices.graphql.GraphqlApplication [main] Starting GraphqlApplication using Java 11.0.9 on USMUMZESHAIKH1 with PID 138956 (C:\Users\zeshaikh\Documents\Git\graphql\target\classes started by zeshaikh in C:\Users\zeshaikh\Documents\Git\graphql)
2021-06-12 06:01:06,607 INFO com.graphqlservices.graphql.GraphqlApplication [main] No active profile set, falling back to default profiles: default
2021-06-12 06:01:07,858 INFO org.springframework.data.repository.config.RepositoryConfigurationDelegate [main] Bootstrapping Spring Data JPA repositories in DEFAULT mode.
2021-06-12 06:01:07,993 INFO org.springframework.data.repository.config.RepositoryConfigurationDelegate [main] Finished Spring Data repository scanning in 109 ms. Found 1 JPA repository interfaces.
2021-06-12 06:01:09,759 INFO org.springframework.boot.web.embedded.tomcat.TomcatWebServer [main] Tomcat initialized with port(s): 8081 (http)
2021-06-12 06:01:09,776 INFO org.apache.coyote.http11.Http11NioProtocol [main] Initializing ProtocolHandler ["http-nio-8081"]
2021-06-12 06:01:09,777 INFO org.apache.catalina.core.StandardService [main] Starting service [Tomcat]
2021-06-12 06:01:09,777 INFO org.apache.catalina.core.StandardEngine [main] Starting Servlet engine: [Apache Tomcat/9.0.46]
2021-06-12 06:01:10,013 INFO org.apache.catalina.core.ContainerBase.[Tomcat].[localhost].[/] [main] Initializing Spring embedded WebApplicationContext
2021-06-12 06:01:10,013 INFO org.springframework.boot.web.servlet.context.ServletWebServerApplicationContext [main] Root WebApplicationContext: initialization completed in 3266 ms
2021-06-12 06:01:10,195 WARN org.springframework.boot.web.servlet.context.AnnotationConfigServletWebServerApplicationContext [main] Exception encountered during context initialization - cancelling refresh attempt: org.springframework.beans.factory.UnsatisfiedDependencyException: Error creating bean with name 'bookResource': Unsatisfied dependency expressed through field 'graphqlService'; nested exception is org.springframework.beans.factory.UnsatisfiedDependencyException: Error creating bean with name 'graphqlService': Unsatisfied dependency expressed through field 'bookRepository'; nested exception is org.springframework.beans.factory.BeanCreationException: Error creating bean with name 'bookRepository' defined in com.graphqlservices.graphql.repository.BookRepository defined in @EnableJpaRepositories declared on GraphqlApplication: Cannot create inner bean '(inner bean)#6e0e5dec' of type [org.springframework.orm.jpa.SharedEntityManagerCreator] while setting bean property 'entityManager'; nested exception is org.springframework.beans.factory.BeanCreationException: Error creating bean with name '(inner bean)#6e0e5dec': Cannot resolve reference to bean 'entityManagerFactory' while setting constructor argument; nested exception is org.springframework.beans.factory.NoSuchBeanDefinitionException: No bean named 'entityManagerFactory' available
2021-06-12 06:01:10,195 INFO org.apache.catalina.core.StandardService [main] Stopping service [Tomcat]
2021-06-12 06:01:10,231 INFO org.springframework.boot.autoconfigure.logging.ConditionEvaluationReportLoggingListener [main] 

Error starting ApplicationContext. To display the conditions report re-run your application with 'debug' enabled.
2021-06-12 06:01:10,263 ERROR org.springframework.boot.diagnostics.LoggingFailureAnalysisReporter [main] 

***************************
APPLICATION FAILED TO START
***************************

Description:

Field bookRepository in com.graphqlservices.graphql.service.GraphqlService required a bean named 'entityManagerFactory' that could not be found.

The injection point has the following annotations:
	- @org.springframework.beans.factory.annotation.Autowired(required=true)


Action:

Consider defining a bean named 'entityManagerFactory' in your configuration.

2021-06-12 06:07:45,907 INFO com.graphqlservices.graphql.GraphqlApplication [main] Starting GraphqlApplication using Java 11.0.9 on USMUMZESHAIKH1 with PID 134984 (C:\Users\zeshaikh\Documents\Git\graphql\target\classes started by zeshaikh in C:\Users\zeshaikh\Documents\Git\graphql)
2021-06-12 06:07:45,915 INFO com.graphqlservices.graphql.GraphqlApplication [main] No active profile set, falling back to default profiles: default
2021-06-12 06:07:47,399 INFO org.springframework.data.repository.config.RepositoryConfigurationDelegate [main] Bootstrapping Spring Data JPA repositories in DEFAULT mode.
2021-06-12 06:07:47,542 INFO org.springframework.data.repository.config.RepositoryConfigurationDelegate [main] Finished Spring Data repository scanning in 121 ms. Found 1 JPA repository interfaces.
2021-06-12 06:07:49,136 INFO org.springframework.boot.web.embedded.tomcat.TomcatWebServer [main] Tomcat initialized with port(s): 8081 (http)
2021-06-12 06:07:49,157 INFO org.apache.coyote.http11.Http11NioProtocol [main] Initializing ProtocolHandler ["http-nio-8081"]
2021-06-12 06:07:49,157 INFO org.apache.catalina.core.StandardService [main] Starting service [Tomcat]
2021-06-12 06:07:49,159 INFO org.apache.catalina.core.StandardEngine [main] Starting Servlet engine: [Apache Tomcat/9.0.46]
2021-06-12 06:07:49,626 INFO org.apache.catalina.core.ContainerBase.[Tomcat].[localhost].[/] [main] Initializing Spring embedded WebApplicationContext
2021-06-12 06:07:49,629 INFO org.springframework.boot.web.servlet.context.ServletWebServerApplicationContext [main] Root WebApplicationContext: initialization completed in 3587 ms
2021-06-12 06:07:49,860 WARN org.springframework.boot.web.servlet.context.AnnotationConfigServletWebServerApplicationContext [main] Exception encountered during context initialization - cancelling refresh attempt: org.springframework.beans.factory.UnsatisfiedDependencyException: Error creating bean with name 'bookResource': Unsatisfied dependency expressed through field 'graphqlService'; nested exception is org.springframework.beans.factory.UnsatisfiedDependencyException: Error creating bean with name 'graphqlService': Unsatisfied dependency expressed through field 'bookRepository'; nested exception is org.springframework.beans.factory.BeanCreationException: Error creating bean with name 'bookRepository' defined in com.graphqlservices.graphql.repository.BookRepository defined in @EnableJpaRepositories declared on JpaRepositoriesRegistrar.EnableJpaRepositoriesConfiguration: Cannot create inner bean '(inner bean)#9e54c59' of type [org.springframework.orm.jpa.SharedEntityManagerCreator] while setting bean property 'entityManager'; nested exception is org.springframework.beans.factory.BeanCreationException: Error creating bean with name '(inner bean)#9e54c59': Cannot resolve reference to bean 'entityManagerFactory' while setting constructor argument; nested exception is org.springframework.beans.factory.NoSuchBeanDefinitionException: No bean named 'entityManagerFactory' available
2021-06-12 06:07:49,866 INFO org.apache.catalina.core.StandardService [main] Stopping service [Tomcat]
2021-06-12 06:07:49,896 INFO org.springframework.boot.autoconfigure.logging.ConditionEvaluationReportLoggingListener [main] 

Error starting ApplicationContext. To display the conditions report re-run your application with 'debug' enabled.
2021-06-12 06:07:49,928 ERROR org.springframework.boot.diagnostics.LoggingFailureAnalysisReporter [main] 

***************************
APPLICATION FAILED TO START
***************************

Description:

Field bookRepository in com.graphqlservices.graphql.service.GraphqlService required a bean named 'entityManagerFactory' that could not be found.

The injection point has the following annotations:
	- @org.springframework.beans.factory.annotation.Autowired(required=true)


Action:

Consider defining a bean named 'entityManagerFactory' in your configuration.

